<?xml version="1.0" encoding="UTF-8"?>
<!-- Generated by org.testng.reporters.JUnitReportReporter -->
<testsuite hostname="DESKTOP-S344IQT" failures="0" tests="1" name="testCases.TC001_AccountRegistrationTest" time="4.261" errors="0" timestamp="2025-09-05T15:28:40 IST" skipped="0">
  <testcase classname="testCases.TC001_AccountRegistrationTest" name="verify_Account_Registration" time="4.261"/>
</testsuite> <!-- testCases.TC001_AccountRegistrationTest -->
