<?xml version="1.0" encoding="UTF-8"?>
<!-- Generated by org.testng.reporters.JUnitReportReporter -->
<testsuite hostname="DESKTOP-S344IQT" failures="0" tests="1" name="testCases.TC002_VerifyLogin" time="1.332" errors="0" timestamp="2025-09-06T15:44:10 IST" skipped="0">
  <testcase classname="testCases.TC002_VerifyLogin" name="Verify_Login" time="1.332"/>
</testsuite> <!-- testCases.TC002_VerifyLogin -->
