<?xml version="1.0" encoding="UTF-8"?>
<!-- Generated by org.testng.reporters.JUnitReportReporter -->
<testsuite hostname="DESKTOP-S344IQT" failures="0" tests="1" name="testCases.TC001_AccountRegistrationTest" time="7.687" errors="0" timestamp="2025-09-06T15:44:10 IST" skipped="0">
  <testcase classname="testCases.TC001_AccountRegistrationTest" name="verify_Account_Registration" time="7.687"/>
</testsuite> <!-- testCases.TC001_AccountRegistrationTest -->
