<?xml version="1.0" encoding="UTF-8"?>
<!-- Generated by org.testng.reporters.JUnitReportReporter -->
<testsuite hostname="DESKTOP-S344IQT" failures="0" tests="5" name="testCases.TC004_VerifyDataDrivenTest" time="45.083" errors="0" timestamp="2025-08-18T00:21:40 IST" skipped="0">
  <testcase classname="testCases.TC004_VerifyDataDrivenTest" name="verifyDataDrivenTest" time="10.882"/>
  <testcase classname="testCases.TC004_VerifyDataDrivenTest" name="verifyDataDrivenTest" time="10.640"/>
  <testcase classname="testCases.TC004_VerifyDataDrivenTest" name="verifyDataDrivenTest" time="1.769"/>
  <testcase classname="testCases.TC004_VerifyDataDrivenTest" name="verifyDataDrivenTest" time="10.668"/>
  <testcase classname="testCases.TC004_VerifyDataDrivenTest" name="verifyDataDrivenTest" time="11.124"/>
</testsuite> <!-- testCases.TC004_VerifyDataDrivenTest -->
