<?xml version="1.0" encoding="UTF-8"?>
<!-- Generated by org.testng.reporters.JUnitReportReporter -->
<testsuite hostname="DESKTOP-S344IQT" failures="0" tests="4" name="testCases.TC003_VerifyDDT" time="51.848" errors="0" timestamp="2025-08-16T14:56:12 IST" skipped="0">
  <testcase classname="testCases.TC003_VerifyDDT" name="verify_loginDDT" time="15.215"/>
  <testcase classname="testCases.TC003_VerifyDDT" name="verify_loginDDT" time="14.149"/>
  <testcase classname="testCases.TC003_VerifyDDT" name="verify_loginDDT" time="14.094"/>
  <testcase classname="testCases.TC003_VerifyDDT" name="verify_loginDDT" time="8.390"/>
</testsuite> <!-- testCases.TC003_VerifyDDT -->
